<?xml version="1.0" encoding="UTF-8"?>
<!-- Generated by org.testng.reporters.JUnitReportReporter -->
<testsuite hostname="LAPTOP-THAHF75H" failures="0" tests="1" name="com.dd.VerifyAccount" time="25.474" errors="0" timestamp="2022-05-04T10:10:57 IST" skipped="0">
  <testcase classname="com.dd.VerifyAccount" name="account" time="25.474"/>
  <system-out>
    <![CDATA[accotntspageis displayed
title not found
title not found]]>
  </system-out>
</testsuite> <!-- com.dd.VerifyAccount -->
