<?xml version="1.0" encoding="UTF-8"?>
<!-- Generated by org.testng.reporters.JUnitReportReporter -->
<testsuite hostname="LAPTOP-THAHF75H" failures="0" tests="1" name="com.Daimi.pages.verifyProductPage" time="10.632" errors="0" timestamp="2022-05-05T10:37:02 IST" skipped="0">
  <testcase classname="com.Daimi.pages.verifyProductPage" name="productpage" time="10.632"/>
  <system-out>
    <![CDATA[create product page is displayed]]>
  </system-out>
</testsuite> <!-- com.Daimi.pages.verifyProductPage -->
